0 info it worked if it ends with ok
1 verbose cli [ '/usr/bin/nodejs', '/usr/bin/npm', 'install', '-g', 'grunt-cli' ]
2 info using npm@3.5.2
3 info using node@v4.2.6
4 silly loadCurrentTree Starting
5 silly install loadCurrentTree
6 silly install readGlobalPackageData
7 silly fetchPackageMetaData grunt-cli
8 silly fetchNamedPackageData grunt-cli
9 silly mapToRegistry name grunt-cli
10 silly mapToRegistry using default registry
11 silly mapToRegistry registry https://registry.npmjs.org/
12 silly mapToRegistry uri https://registry.npmjs.org/grunt-cli
13 verbose request uri https://registry.npmjs.org/grunt-cli
14 verbose request no auth needed
15 info attempt registry request try #1 at 3:06:56 PM
16 verbose request id 60cf4199a22f3e42
17 verbose etag W/"5893ec00-7eaa"
18 verbose lastModified Fri, 03 Feb 2017 02:33:36 GMT
19 http request GET https://registry.npmjs.org/grunt-cli
20 http 304 https://registry.npmjs.org/grunt-cli
21 verbose headers { date: 'Tue, 07 Feb 2017 13:06:57 GMT',
21 verbose headers   via: '1.1 varnish',
21 verbose headers   'cache-control': 'max-age=300',
21 verbose headers   etag: 'W/"5893ec00-7eaa"',
21 verbose headers   age: '175',
21 verbose headers   connection: 'keep-alive',
21 verbose headers   'x-served-by': 'cache-lhr6336-LHR',
21 verbose headers   'x-cache': 'HIT',
21 verbose headers   'x-cache-hits': '3',
21 verbose headers   'x-timer': 'S1486472817.352486,VS0,VE0',
21 verbose headers   vary: 'Accept-Encoding' }
22 silly get cb [ 304,
22 silly get   { date: 'Tue, 07 Feb 2017 13:06:57 GMT',
22 silly get     via: '1.1 varnish',
22 silly get     'cache-control': 'max-age=300',
22 silly get     etag: 'W/"5893ec00-7eaa"',
22 silly get     age: '175',
22 silly get     connection: 'keep-alive',
22 silly get     'x-served-by': 'cache-lhr6336-LHR',
22 silly get     'x-cache': 'HIT',
22 silly get     'x-cache-hits': '3',
22 silly get     'x-timer': 'S1486472817.352486,VS0,VE0',
22 silly get     vary: 'Accept-Encoding' } ]
23 verbose etag https://registry.npmjs.org/grunt-cli from cache
24 verbose get saving grunt-cli to /home/guimino/.npm/registry.npmjs.org/grunt-cli/.cache.json
25 silly install normalizeTree
26 silly loadCurrentTree Finishing
27 silly loadIdealTree Starting
28 silly install loadIdealTree
29 silly cloneCurrentTree Starting
30 silly install cloneCurrentTreeToIdealTree
31 silly cloneCurrentTree Finishing
32 silly loadShrinkwrap Starting
33 silly install loadShrinkwrap
34 silly loadShrinkwrap Finishing
35 silly loadAllDepsIntoIdealTree Starting
36 silly install loadAllDepsIntoIdealTree
37 silly resolveWithNewModule grunt-cli@1.2.0 checking installable status
38 silly cache add args [ 'grunt-cli', null ]
39 verbose cache add spec grunt-cli
40 silly cache add parsed spec Result {
40 silly cache add   raw: 'grunt-cli',
40 silly cache add   scope: null,
40 silly cache add   name: 'grunt-cli',
40 silly cache add   rawSpec: '',
40 silly cache add   spec: 'latest',
40 silly cache add   type: 'tag' }
41 silly addNamed grunt-cli@latest
42 verbose addNamed "latest" is being treated as a dist-tag for grunt-cli
43 info addNameTag [ 'grunt-cli', 'latest' ]
44 silly mapToRegistry name grunt-cli
45 silly mapToRegistry using default registry
46 silly mapToRegistry registry https://registry.npmjs.org/
47 silly mapToRegistry uri https://registry.npmjs.org/grunt-cli
48 verbose addNameTag registry:https://registry.npmjs.org/grunt-cli not in flight; fetching
49 verbose get https://registry.npmjs.org/grunt-cli not expired, no request
50 silly addNameTag next cb for grunt-cli with tag latest
51 silly addNamed grunt-cli@1.2.0
52 verbose addNamed "1.2.0" is a plain semver version for grunt-cli
53 silly cache afterAdd grunt-cli@1.2.0
54 verbose afterAdd /home/guimino/.npm/grunt-cli/1.2.0/package/package.json not in flight; writing
55 verbose afterAdd /home/guimino/.npm/grunt-cli/1.2.0/package/package.json written
56 silly fetchNamedPackageData findup-sync
57 silly mapToRegistry name findup-sync
58 silly mapToRegistry using default registry
59 silly mapToRegistry registry https://registry.npmjs.org/
60 silly mapToRegistry uri https://registry.npmjs.org/findup-sync
61 silly fetchNamedPackageData grunt-known-options
62 silly mapToRegistry name grunt-known-options
63 silly mapToRegistry using default registry
64 silly mapToRegistry registry https://registry.npmjs.org/
65 silly mapToRegistry uri https://registry.npmjs.org/grunt-known-options
66 silly fetchNamedPackageData nopt
67 silly mapToRegistry name nopt
68 silly mapToRegistry using default registry
69 silly mapToRegistry registry https://registry.npmjs.org/
70 silly mapToRegistry uri https://registry.npmjs.org/nopt
71 silly fetchNamedPackageData resolve
72 silly mapToRegistry name resolve
73 silly mapToRegistry using default registry
74 silly mapToRegistry registry https://registry.npmjs.org/
75 silly mapToRegistry uri https://registry.npmjs.org/resolve
76 verbose request uri https://registry.npmjs.org/grunt-known-options
77 verbose request no auth needed
78 info attempt registry request try #1 at 3:06:57 PM
79 verbose etag W/"56f9e838-dcc"
80 verbose lastModified Tue, 29 Mar 2016 02:28:08 GMT
81 http request GET https://registry.npmjs.org/grunt-known-options
82 verbose request uri https://registry.npmjs.org/nopt
83 verbose request no auth needed
84 info attempt registry request try #1 at 3:06:57 PM
85 verbose etag W/"58518ed2-84a2"
86 verbose lastModified Wed, 14 Dec 2016 18:26:26 GMT
87 http request GET https://registry.npmjs.org/nopt
88 verbose request uri https://registry.npmjs.org/findup-sync
89 verbose request no auth needed
90 info attempt registry request try #1 at 3:06:57 PM
91 verbose etag W/"58552985-4ae2"
92 verbose lastModified Sat, 17 Dec 2016 12:03:17 GMT
93 http request GET https://registry.npmjs.org/findup-sync
94 verbose request uri https://registry.npmjs.org/resolve
95 verbose request no auth needed
96 info attempt registry request try #1 at 3:06:57 PM
97 verbose etag W/"58552958-b3a1"
98 verbose lastModified Sat, 17 Dec 2016 12:02:32 GMT
99 http request GET https://registry.npmjs.org/resolve
100 http 304 https://registry.npmjs.org/nopt
101 verbose headers { date: 'Tue, 07 Feb 2017 13:06:58 GMT',
101 verbose headers   via: '1.1 varnish',
101 verbose headers   'cache-control': 'max-age=300',
101 verbose headers   etag: 'W/"58518ed2-84a2"',
101 verbose headers   age: '204',
101 verbose headers   connection: 'keep-alive',
101 verbose headers   'x-served-by': 'cache-lhr6339-LHR',
101 verbose headers   'x-cache': 'HIT',
101 verbose headers   'x-cache-hits': '9',
101 verbose headers   'x-timer': 'S1486472818.457488,VS0,VE0',
101 verbose headers   vary: 'Accept-Encoding' }
102 silly get cb [ 304,
102 silly get   { date: 'Tue, 07 Feb 2017 13:06:58 GMT',
102 silly get     via: '1.1 varnish',
102 silly get     'cache-control': 'max-age=300',
102 silly get     etag: 'W/"58518ed2-84a2"',
102 silly get     age: '204',
102 silly get     connection: 'keep-alive',
102 silly get     'x-served-by': 'cache-lhr6339-LHR',
102 silly get     'x-cache': 'HIT',
102 silly get     'x-cache-hits': '9',
102 silly get     'x-timer': 'S1486472818.457488,VS0,VE0',
102 silly get     vary: 'Accept-Encoding' } ]
103 verbose etag https://registry.npmjs.org/nopt from cache
104 verbose get saving nopt to /home/guimino/.npm/registry.npmjs.org/nopt/.cache.json
105 http 304 https://registry.npmjs.org/resolve
106 verbose headers { date: 'Tue, 07 Feb 2017 13:06:58 GMT',
106 verbose headers   via: '1.1 varnish',
106 verbose headers   'cache-control': 'max-age=300',
106 verbose headers   etag: 'W/"58552958-b3a1"',
106 verbose headers   age: '50',
106 verbose headers   connection: 'keep-alive',
106 verbose headers   'x-served-by': 'cache-lhr6329-LHR',
106 verbose headers   'x-cache': 'HIT',
106 verbose headers   'x-cache-hits': '5',
106 verbose headers   'x-timer': 'S1486472818.457993,VS0,VE0',
106 verbose headers   vary: 'Accept-Encoding' }
107 silly get cb [ 304,
107 silly get   { date: 'Tue, 07 Feb 2017 13:06:58 GMT',
107 silly get     via: '1.1 varnish',
107 silly get     'cache-control': 'max-age=300',
107 silly get     etag: 'W/"58552958-b3a1"',
107 silly get     age: '50',
107 silly get     connection: 'keep-alive',
107 silly get     'x-served-by': 'cache-lhr6329-LHR',
107 silly get     'x-cache': 'HIT',
107 silly get     'x-cache-hits': '5',
107 silly get     'x-timer': 'S1486472818.457993,VS0,VE0',
107 silly get     vary: 'Accept-Encoding' } ]
108 verbose etag https://registry.npmjs.org/resolve from cache
109 verbose get saving resolve to /home/guimino/.npm/registry.npmjs.org/resolve/.cache.json
110 http 304 https://registry.npmjs.org/grunt-known-options
111 verbose headers { date: 'Tue, 07 Feb 2017 13:06:58 GMT',
111 verbose headers   via: '1.1 varnish',
111 verbose headers   'cache-control': 'max-age=300',
111 verbose headers   etag: 'W/"56f9e838-dcc"',
111 verbose headers   age: '241',
111 verbose headers   connection: 'keep-alive',
111 verbose headers   'x-served-by': 'cache-lhr6343-LHR',
111 verbose headers   'x-cache': 'HIT',
111 verbose headers   'x-cache-hits': '1',
111 verbose headers   'x-timer': 'S1486472818.457897,VS0,VE0',
111 verbose headers   vary: 'Accept-Encoding' }
112 silly get cb [ 304,
112 silly get   { date: 'Tue, 07 Feb 2017 13:06:58 GMT',
112 silly get     via: '1.1 varnish',
112 silly get     'cache-control': 'max-age=300',
112 silly get     etag: 'W/"56f9e838-dcc"',
112 silly get     age: '241',
112 silly get     connection: 'keep-alive',
112 silly get     'x-served-by': 'cache-lhr6343-LHR',
112 silly get     'x-cache': 'HIT',
112 silly get     'x-cache-hits': '1',
112 silly get     'x-timer': 'S1486472818.457897,VS0,VE0',
112 silly get     vary: 'Accept-Encoding' } ]
113 verbose etag https://registry.npmjs.org/grunt-known-options from cache
114 verbose get saving grunt-known-options to /home/guimino/.npm/registry.npmjs.org/grunt-known-options/.cache.json
115 http 304 https://registry.npmjs.org/findup-sync
116 verbose headers { date: 'Tue, 07 Feb 2017 13:06:58 GMT',
116 verbose headers   via: '1.1 varnish',
116 verbose headers   'cache-control': 'max-age=300',
116 verbose headers   etag: 'W/"58552985-4ae2"',
116 verbose headers   age: '276',
116 verbose headers   connection: 'keep-alive',
116 verbose headers   'x-served-by': 'cache-lhr6340-LHR',
116 verbose headers   'x-cache': 'HIT',
116 verbose headers   'x-cache-hits': '9',
116 verbose headers   'x-timer': 'S1486472818.459865,VS0,VE0',
116 verbose headers   vary: 'Accept-Encoding' }
117 silly get cb [ 304,
117 silly get   { date: 'Tue, 07 Feb 2017 13:06:58 GMT',
117 silly get     via: '1.1 varnish',
117 silly get     'cache-control': 'max-age=300',
117 silly get     etag: 'W/"58552985-4ae2"',
117 silly get     age: '276',
117 silly get     connection: 'keep-alive',
117 silly get     'x-served-by': 'cache-lhr6340-LHR',
117 silly get     'x-cache': 'HIT',
117 silly get     'x-cache-hits': '9',
117 silly get     'x-timer': 'S1486472818.459865,VS0,VE0',
117 silly get     vary: 'Accept-Encoding' } ]
118 verbose etag https://registry.npmjs.org/findup-sync from cache
119 verbose get saving findup-sync to /home/guimino/.npm/registry.npmjs.org/findup-sync/.cache.json
120 silly resolveWithNewModule resolve@1.1.7 checking installable status
121 silly cache add args [ 'resolve@~1.1.0', null ]
122 verbose cache add spec resolve@~1.1.0
123 silly cache add parsed spec Result {
123 silly cache add   raw: 'resolve@~1.1.0',
123 silly cache add   scope: null,
123 silly cache add   name: 'resolve',
123 silly cache add   rawSpec: '~1.1.0',
123 silly cache add   spec: '>=1.1.0 <1.2.0',
123 silly cache add   type: 'range' }
124 silly addNamed resolve@>=1.1.0 <1.2.0
125 verbose addNamed ">=1.1.0 <1.2.0" is a valid semver range for resolve
126 silly addNameRange { name: 'resolve', range: '>=1.1.0 <1.2.0', hasData: false }
127 silly mapToRegistry name resolve
128 silly mapToRegistry using default registry
129 silly mapToRegistry registry https://registry.npmjs.org/
130 silly mapToRegistry uri https://registry.npmjs.org/resolve
131 verbose addNameRange registry:https://registry.npmjs.org/resolve not in flight; fetching
132 verbose get https://registry.npmjs.org/resolve not expired, no request
133 silly addNameRange number 2 { name: 'resolve', range: '>=1.1.0 <1.2.0', hasData: true }
134 silly addNameRange versions [ 'resolve',
134 silly addNameRange   [ '0.0.0',
134 silly addNameRange     '0.0.1',
134 silly addNameRange     '0.0.2',
134 silly addNameRange     '0.0.3',
134 silly addNameRange     '0.0.4',
134 silly addNameRange     '0.1.0',
134 silly addNameRange     '0.1.2',
134 silly addNameRange     '0.1.3',
134 silly addNameRange     '0.2.0',
134 silly addNameRange     '0.2.1',
134 silly addNameRange     '0.2.2',
134 silly addNameRange     '0.2.3',
134 silly addNameRange     '0.2.4',
134 silly addNameRange     '0.2.5',
134 silly addNameRange     '0.2.6',
134 silly addNameRange     '0.2.7',
134 silly addNameRange     '0.2.8',
134 silly addNameRange     '0.3.0',
134 silly addNameRange     '0.3.1',
134 silly addNameRange     '0.4.0',
134 silly addNameRange     '0.4.1',
134 silly addNameRange     '0.4.2',
134 silly addNameRange     '0.4.3',
134 silly addNameRange     '0.5.0',
134 silly addNameRange     '0.5.1',
134 silly addNameRange     '0.6.0',
134 silly addNameRange     '0.6.1',
134 silly addNameRange     '0.6.2',
134 silly addNameRange     '0.6.3',
134 silly addNameRange     '0.7.0',
134 silly addNameRange     '0.7.1',
134 silly addNameRange     '0.7.2',
134 silly addNameRange     '0.7.3',
134 silly addNameRange     '0.7.4',
134 silly addNameRange     '1.0.0',
134 silly addNameRange     '1.1.0',
134 silly addNameRange     '1.1.2',
134 silly addNameRange     '1.1.3',
134 silly addNameRange     '1.1.4',
134 silly addNameRange     '1.1.5',
134 silly addNameRange     '1.1.6',
134 silly addNameRange     '1.1.7',
134 silly addNameRange     '1.2.0' ] ]
135 silly addNamed resolve@1.1.7
136 verbose addNamed "1.1.7" is a plain semver version for resolve
137 silly resolveWithNewModule grunt-known-options@1.1.0 checking installable status
138 silly cache add args [ 'grunt-known-options@~1.1.0', null ]
139 verbose cache add spec grunt-known-options@~1.1.0
140 silly cache add parsed spec Result {
140 silly cache add   raw: 'grunt-known-options@~1.1.0',
140 silly cache add   scope: null,
140 silly cache add   name: 'grunt-known-options',
140 silly cache add   rawSpec: '~1.1.0',
140 silly cache add   spec: '>=1.1.0 <1.2.0',
140 silly cache add   type: 'range' }
141 silly addNamed grunt-known-options@>=1.1.0 <1.2.0
142 verbose addNamed ">=1.1.0 <1.2.0" is a valid semver range for grunt-known-options
143 silly addNameRange { name: 'grunt-known-options',
143 silly addNameRange   range: '>=1.1.0 <1.2.0',
143 silly addNameRange   hasData: false }
144 silly mapToRegistry name grunt-known-options
145 silly mapToRegistry using default registry
146 silly mapToRegistry registry https://registry.npmjs.org/
147 silly mapToRegistry uri https://registry.npmjs.org/grunt-known-options
148 verbose addNameRange registry:https://registry.npmjs.org/grunt-known-options not in flight; fetching
149 silly cache afterAdd resolve@1.1.7
150 verbose afterAdd /home/guimino/.npm/resolve/1.1.7/package/package.json not in flight; writing
151 silly resolveWithNewModule findup-sync@0.3.0 checking installable status
152 silly cache add args [ 'findup-sync@~0.3.0', null ]
153 verbose cache add spec findup-sync@~0.3.0
154 silly cache add parsed spec Result {
154 silly cache add   raw: 'findup-sync@~0.3.0',
154 silly cache add   scope: null,
154 silly cache add   name: 'findup-sync',
154 silly cache add   rawSpec: '~0.3.0',
154 silly cache add   spec: '>=0.3.0 <0.4.0',
154 silly cache add   type: 'range' }
155 silly addNamed findup-sync@>=0.3.0 <0.4.0
156 verbose addNamed ">=0.3.0 <0.4.0" is a valid semver range for findup-sync
157 silly addNameRange { name: 'findup-sync', range: '>=0.3.0 <0.4.0', hasData: false }
158 silly mapToRegistry name findup-sync
159 silly mapToRegistry using default registry
160 silly mapToRegistry registry https://registry.npmjs.org/
161 silly mapToRegistry uri https://registry.npmjs.org/findup-sync
162 verbose addNameRange registry:https://registry.npmjs.org/findup-sync not in flight; fetching
163 silly resolveWithNewModule nopt@3.0.6 checking installable status
164 silly cache add args [ 'nopt@~3.0.6', null ]
165 verbose cache add spec nopt@~3.0.6
166 silly cache add parsed spec Result {
166 silly cache add   raw: 'nopt@~3.0.6',
166 silly cache add   scope: null,
166 silly cache add   name: 'nopt',
166 silly cache add   rawSpec: '~3.0.6',
166 silly cache add   spec: '>=3.0.6 <3.1.0',
166 silly cache add   type: 'range' }
167 silly addNamed nopt@>=3.0.6 <3.1.0
168 verbose addNamed ">=3.0.6 <3.1.0" is a valid semver range for nopt
169 silly addNameRange { name: 'nopt', range: '>=3.0.6 <3.1.0', hasData: false }
170 silly mapToRegistry name nopt
171 silly mapToRegistry using default registry
172 silly mapToRegistry registry https://registry.npmjs.org/
173 silly mapToRegistry uri https://registry.npmjs.org/nopt
174 verbose addNameRange registry:https://registry.npmjs.org/nopt not in flight; fetching
175 verbose get https://registry.npmjs.org/grunt-known-options not expired, no request
176 silly addNameRange number 2 { name: 'grunt-known-options',
176 silly addNameRange   range: '>=1.1.0 <1.2.0',
176 silly addNameRange   hasData: true }
177 silly addNameRange versions [ 'grunt-known-options', [ '1.0.0', '1.1.0' ] ]
178 silly addNamed grunt-known-options@1.1.0
179 verbose addNamed "1.1.0" is a plain semver version for grunt-known-options
180 verbose afterAdd /home/guimino/.npm/resolve/1.1.7/package/package.json written
181 verbose get https://registry.npmjs.org/findup-sync not expired, no request
182 silly addNameRange number 2 { name: 'findup-sync', range: '>=0.3.0 <0.4.0', hasData: true }
183 silly addNameRange versions [ 'findup-sync',
183 silly addNameRange   [ '0.1.0',
183 silly addNameRange     '0.1.1',
183 silly addNameRange     '0.1.2',
183 silly addNameRange     '0.1.3',
183 silly addNameRange     '0.2.0',
183 silly addNameRange     '0.2.1',
183 silly addNameRange     '0.3.0',
183 silly addNameRange     '0.4.0',
183 silly addNameRange     '0.4.1',
183 silly addNameRange     '0.4.2',
183 silly addNameRange     '0.4.3' ] ]
184 silly addNamed findup-sync@0.3.0
185 verbose addNamed "0.3.0" is a plain semver version for findup-sync
186 verbose get https://registry.npmjs.org/nopt not expired, no request
187 silly addNameRange number 2 { name: 'nopt', range: '>=3.0.6 <3.1.0', hasData: true }
188 silly addNameRange versions [ 'nopt',
188 silly addNameRange   [ '1.0.0',
188 silly addNameRange     '1.0.1',
188 silly addNameRange     '1.0.2',
188 silly addNameRange     '1.0.3',
188 silly addNameRange     '1.0.4',
188 silly addNameRange     '1.0.5',
188 silly addNameRange     '1.0.6',
188 silly addNameRange     '1.0.7',
188 silly addNameRange     '1.0.8',
188 silly addNameRange     '1.0.9',
188 silly addNameRange     '1.0.10',
188 silly addNameRange     '2.0.0',
188 silly addNameRange     '2.1.0',
188 silly addNameRange     '2.1.1',
188 silly addNameRange     '2.1.2',
188 silly addNameRange     '2.2.0',
188 silly addNameRange     '2.2.1',
188 silly addNameRange     '3.0.0',
188 silly addNameRange     '3.0.1',
188 silly addNameRange     '3.0.2',
188 silly addNameRange     '3.0.3',
188 silly addNameRange     '3.0.4',
188 silly addNameRange     '3.0.5',
188 silly addNameRange     '3.0.6',
188 silly addNameRange     '4.0.0',
188 silly addNameRange     '4.0.1' ] ]
189 silly addNamed nopt@3.0.6
190 verbose addNamed "3.0.6" is a plain semver version for nopt
191 silly cache afterAdd grunt-known-options@1.1.0
192 verbose afterAdd /home/guimino/.npm/grunt-known-options/1.1.0/package/package.json not in flight; writing
193 silly cache afterAdd findup-sync@0.3.0
194 verbose afterAdd /home/guimino/.npm/findup-sync/0.3.0/package/package.json not in flight; writing
195 silly cache afterAdd nopt@3.0.6
196 verbose afterAdd /home/guimino/.npm/nopt/3.0.6/package/package.json not in flight; writing
197 verbose afterAdd /home/guimino/.npm/grunt-known-options/1.1.0/package/package.json written
198 verbose afterAdd /home/guimino/.npm/nopt/3.0.6/package/package.json written
199 verbose afterAdd /home/guimino/.npm/findup-sync/0.3.0/package/package.json written
200 silly fetchNamedPackageData glob
201 silly mapToRegistry name glob
202 silly mapToRegistry using default registry
203 silly mapToRegistry registry https://registry.npmjs.org/
204 silly mapToRegistry uri https://registry.npmjs.org/glob
205 verbose request uri https://registry.npmjs.org/glob
206 verbose request no auth needed
207 info attempt registry request try #1 at 3:06:58 PM
208 verbose etag W/"5898fb7b-1f637"
209 verbose lastModified Mon, 06 Feb 2017 22:40:59 GMT
210 http request GET https://registry.npmjs.org/glob
211 http 304 https://registry.npmjs.org/glob
212 verbose headers { date: 'Tue, 07 Feb 2017 13:06:59 GMT',
212 verbose headers   via: '1.1 varnish',
212 verbose headers   'cache-control': 'max-age=300',
212 verbose headers   etag: 'W/"5898fb7b-1f637"',
212 verbose headers   age: '155',
212 verbose headers   connection: 'keep-alive',
212 verbose headers   'x-served-by': 'cache-lhr6334-LHR',
212 verbose headers   'x-cache': 'HIT',
212 verbose headers   'x-cache-hits': '17',
212 verbose headers   'x-timer': 'S1486472819.373129,VS0,VE0',
212 verbose headers   vary: 'Accept-Encoding' }
213 silly get cb [ 304,
213 silly get   { date: 'Tue, 07 Feb 2017 13:06:59 GMT',
213 silly get     via: '1.1 varnish',
213 silly get     'cache-control': 'max-age=300',
213 silly get     etag: 'W/"5898fb7b-1f637"',
213 silly get     age: '155',
213 silly get     connection: 'keep-alive',
213 silly get     'x-served-by': 'cache-lhr6334-LHR',
213 silly get     'x-cache': 'HIT',
213 silly get     'x-cache-hits': '17',
213 silly get     'x-timer': 'S1486472819.373129,VS0,VE0',
213 silly get     vary: 'Accept-Encoding' } ]
214 verbose etag https://registry.npmjs.org/glob from cache
215 verbose get saving glob to /home/guimino/.npm/registry.npmjs.org/glob/.cache.json
216 silly resolveWithNewModule glob@5.0.15 checking installable status
217 silly cache add args [ 'glob@~5.0.0', null ]
218 verbose cache add spec glob@~5.0.0
219 silly cache add parsed spec Result {
219 silly cache add   raw: 'glob@~5.0.0',
219 silly cache add   scope: null,
219 silly cache add   name: 'glob',
219 silly cache add   rawSpec: '~5.0.0',
219 silly cache add   spec: '>=5.0.0 <5.1.0',
219 silly cache add   type: 'range' }
220 silly addNamed glob@>=5.0.0 <5.1.0
221 verbose addNamed ">=5.0.0 <5.1.0" is a valid semver range for glob
222 silly addNameRange { name: 'glob', range: '>=5.0.0 <5.1.0', hasData: false }
223 silly mapToRegistry name glob
224 silly mapToRegistry using default registry
225 silly mapToRegistry registry https://registry.npmjs.org/
226 silly mapToRegistry uri https://registry.npmjs.org/glob
227 verbose addNameRange registry:https://registry.npmjs.org/glob not in flight; fetching
228 verbose get https://registry.npmjs.org/glob not expired, no request
229 silly addNameRange number 2 { name: 'glob', range: '>=5.0.0 <5.1.0', hasData: true }
230 silly addNameRange versions [ 'glob',
230 silly addNameRange   [ '1.1.0',
230 silly addNameRange     '2.0.9',
230 silly addNameRange     '2.0.8',
230 silly addNameRange     '2.0.7',
230 silly addNameRange     '2.1.0',
230 silly addNameRange     '3.0.0',
230 silly addNameRange     '3.0.1',
230 silly addNameRange     '3.1.0',
230 silly addNameRange     '3.1.1',
230 silly addNameRange     '3.1.2',
230 silly addNameRange     '3.1.3',
230 silly addNameRange     '3.1.4',
230 silly addNameRange     '3.1.5',
230 silly addNameRange     '3.1.6',
230 silly addNameRange     '3.1.7',
230 silly addNameRange     '3.1.9',
230 silly addNameRange     '3.1.10',
230 silly addNameRange     '3.1.11',
230 silly addNameRange     '3.1.12',
230 silly addNameRange     '3.1.13',
230 silly addNameRange     '3.1.14',
230 silly addNameRange     '3.1.15',
230 silly addNameRange     '3.1.16',
230 silly addNameRange     '3.1.17',
230 silly addNameRange     '3.1.18',
230 silly addNameRange     '3.1.19',
230 silly addNameRange     '3.1.20',
230 silly addNameRange     '3.1.21',
230 silly addNameRange     '3.2.0',
230 silly addNameRange     '3.2.1',
230 silly addNameRange     '3.2.3',
230 silly addNameRange     '3.2.4',
230 silly addNameRange     '3.2.5',
230 silly addNameRange     '3.2.6',
230 silly addNameRange     '3.2.7',
230 silly addNameRange     '3.2.8',
230 silly addNameRange     '3.2.9',
230 silly addNameRange     '3.2.10',
230 silly addNameRange     '3.2.11',
230 silly addNameRange     '4.0.0',
230 silly addNameRange     '4.0.1',
230 silly addNameRange     '4.0.2',
230 silly addNameRange     '4.0.3',
230 silly addNameRange     '4.0.4',
230 silly addNameRange     '4.0.5',
230 silly addNameRange     '4.0.6',
230 silly addNameRange     '4.1.2-beta',
230 silly addNameRange     '4.1.2',
230 silly addNameRange     '4.1.3',
230 silly addNameRange     '4.1.4',
230 silly addNameRange     '4.1.5',
230 silly addNameRange     '4.1.6',
230 silly addNameRange     '4.2.0',
230 silly addNameRange     '4.2.1',
230 silly addNameRange     '4.2.2',
230 silly addNameRange     '4.3.0',
230 silly addNameRange     '4.3.1',
230 silly addNameRange     '4.3.2',
230 silly addNameRange     '4.3.3',
230 silly addNameRange     '4.3.4',
230 silly addNameRange     '4.3.5',
230 silly addNameRange     '4.4.0',
230 silly addNameRange     '4.4.2',
230 silly addNameRange     '4.5.0',
230 silly addNameRange     '5.0.0',
230 silly addNameRange     '4.5.1',
230 silly addNameRange     '5.0.1',
230 silly addNameRange     '4.5.2',
230 silly addNameRange     '5.0.2',
230 silly addNameRange     '4.5.3',
230 silly addNameRange     '5.0.3',
230 silly addNameRange     '5.0.4',
230 silly addNameRange     '5.0.5',
230 silly addNameRange     '5.0.6',
230 silly addNameRange     '5.0.7',
230 silly addNameRange     '5.0.9',
230 silly addNameRange     '5.0.10',
230 silly addNameRange     '5.0.11',
230 silly addNameRange     '5.0.12',
230 silly addNameRange     '5.0.13',
230 silly addNameRange     '5.0.14',
230 silly addNameRange     '5.0.15',
230 silly addNameRange     '6.0.1',
230 silly addNameRange     '6.0.2',
230 silly addNameRange     '6.0.3',
230 silly addNameRange     '6.0.4',
230 silly addNameRange     '7.0.0',
230 silly addNameRange     '7.0.1',
230 silly addNameRange     '7.0.3',
230 silly addNameRange     '7.0.4',
230 silly addNameRange     '7.0.5',
230 silly addNameRange     '7.0.6',
230 silly addNameRange     '7.1.0',
230 silly addNameRange     '7.1.1' ] ]
231 silly addNamed glob@5.0.15
232 verbose addNamed "5.0.15" is a plain semver version for glob
233 silly cache afterAdd glob@5.0.15
234 verbose afterAdd /home/guimino/.npm/glob/5.0.15/package/package.json not in flight; writing
235 verbose afterAdd /home/guimino/.npm/glob/5.0.15/package/package.json written
236 silly fetchNamedPackageData inflight
237 silly mapToRegistry name inflight
238 silly mapToRegistry using default registry
239 silly mapToRegistry registry https://registry.npmjs.org/
240 silly mapToRegistry uri https://registry.npmjs.org/inflight
241 silly fetchNamedPackageData inherits
242 silly mapToRegistry name inherits
243 silly mapToRegistry using default registry
244 silly mapToRegistry registry https://registry.npmjs.org/
245 silly mapToRegistry uri https://registry.npmjs.org/inherits
246 silly fetchNamedPackageData minimatch
247 silly mapToRegistry name minimatch
248 silly mapToRegistry using default registry
249 silly mapToRegistry registry https://registry.npmjs.org/
250 silly mapToRegistry uri https://registry.npmjs.org/minimatch
251 silly fetchNamedPackageData once
252 silly mapToRegistry name once
253 silly mapToRegistry using default registry
254 silly mapToRegistry registry https://registry.npmjs.org/
255 silly mapToRegistry uri https://registry.npmjs.org/once
256 silly fetchNamedPackageData path-is-absolute
257 silly mapToRegistry name path-is-absolute
258 silly mapToRegistry using default registry
259 silly mapToRegistry registry https://registry.npmjs.org/
260 silly mapToRegistry uri https://registry.npmjs.org/path-is-absolute
261 verbose request uri https://registry.npmjs.org/inflight
262 verbose request no auth needed
263 info attempt registry request try #1 at 3:06:59 PM
264 verbose etag W/"5818d131-25a6"
265 verbose lastModified Tue, 01 Nov 2016 17:30:25 GMT
266 http request GET https://registry.npmjs.org/inflight
267 verbose request uri https://registry.npmjs.org/inherits
268 verbose request no auth needed
269 info attempt registry request try #1 at 3:06:59 PM
270 verbose etag W/"5881edff-2213"
271 verbose lastModified Fri, 20 Jan 2017 11:01:19 GMT
272 http request GET https://registry.npmjs.org/inherits
273 verbose request uri https://registry.npmjs.org/minimatch
274 verbose request no auth needed
275 info attempt registry request try #1 at 3:06:59 PM
276 verbose etag W/"5896e92d-cbed"
277 verbose lastModified Sun, 05 Feb 2017 08:58:21 GMT
278 http request GET https://registry.npmjs.org/minimatch
279 verbose request uri https://registry.npmjs.org/path-is-absolute
280 verbose request no auth needed
281 info attempt registry request try #1 at 3:06:59 PM
282 verbose etag W/"5818d860-1312"
283 verbose lastModified Tue, 01 Nov 2016 18:01:04 GMT
284 http request GET https://registry.npmjs.org/path-is-absolute
285 verbose request uri https://registry.npmjs.org/once
286 verbose request no auth needed
287 info attempt registry request try #1 at 3:06:59 PM
288 verbose etag W/"58817525-25c4"
289 verbose lastModified Fri, 20 Jan 2017 02:25:41 GMT
290 http request GET https://registry.npmjs.org/once
291 http 304 https://registry.npmjs.org/inflight
292 verbose headers { date: 'Tue, 07 Feb 2017 13:07:00 GMT',
292 verbose headers   via: '1.1 varnish',
292 verbose headers   'cache-control': 'max-age=300',
292 verbose headers   etag: 'W/"5818d131-25a6"',
292 verbose headers   age: '204',
292 verbose headers   connection: 'keep-alive',
292 verbose headers   'x-served-by': 'cache-lhr6330-LHR',
292 verbose headers   'x-cache': 'HIT',
292 verbose headers   'x-cache-hits': '15',
292 verbose headers   'x-timer': 'S1486472820.202565,VS0,VE0',
292 verbose headers   vary: 'Accept-Encoding' }
293 silly get cb [ 304,
293 silly get   { date: 'Tue, 07 Feb 2017 13:07:00 GMT',
293 silly get     via: '1.1 varnish',
293 silly get     'cache-control': 'max-age=300',
293 silly get     etag: 'W/"5818d131-25a6"',
293 silly get     age: '204',
293 silly get     connection: 'keep-alive',
293 silly get     'x-served-by': 'cache-lhr6330-LHR',
293 silly get     'x-cache': 'HIT',
293 silly get     'x-cache-hits': '15',
293 silly get     'x-timer': 'S1486472820.202565,VS0,VE0',
293 silly get     vary: 'Accept-Encoding' } ]
294 verbose etag https://registry.npmjs.org/inflight from cache
295 verbose get saving inflight to /home/guimino/.npm/registry.npmjs.org/inflight/.cache.json
296 http 304 https://registry.npmjs.org/path-is-absolute
297 verbose headers { date: 'Tue, 07 Feb 2017 13:07:00 GMT',
297 verbose headers   via: '1.1 varnish',
297 verbose headers   'cache-control': 'max-age=300',
297 verbose headers   etag: 'W/"5818d860-1312"',
297 verbose headers   age: '263',
297 verbose headers   connection: 'keep-alive',
297 verbose headers   'x-served-by': 'cache-lhr6344-LHR',
297 verbose headers   'x-cache': 'HIT',
297 verbose headers   'x-cache-hits': '18',
297 verbose headers   'x-timer': 'S1486472820.203001,VS0,VE0',
297 verbose headers   vary: 'Accept-Encoding' }
298 silly get cb [ 304,
298 silly get   { date: 'Tue, 07 Feb 2017 13:07:00 GMT',
298 silly get     via: '1.1 varnish',
298 silly get     'cache-control': 'max-age=300',
298 silly get     etag: 'W/"5818d860-1312"',
298 silly get     age: '263',
298 silly get     connection: 'keep-alive',
298 silly get     'x-served-by': 'cache-lhr6344-LHR',
298 silly get     'x-cache': 'HIT',
298 silly get     'x-cache-hits': '18',
298 silly get     'x-timer': 'S1486472820.203001,VS0,VE0',
298 silly get     vary: 'Accept-Encoding' } ]
299 verbose etag https://registry.npmjs.org/path-is-absolute from cache
300 verbose get saving path-is-absolute to /home/guimino/.npm/registry.npmjs.org/path-is-absolute/.cache.json
301 http 304 https://registry.npmjs.org/inherits
302 verbose headers { date: 'Tue, 07 Feb 2017 13:07:00 GMT',
302 verbose headers   via: '1.1 varnish',
302 verbose headers   'cache-control': 'max-age=300',
302 verbose headers   etag: 'W/"5881edff-2213"',
302 verbose headers   age: '209',
302 verbose headers   connection: 'keep-alive',
302 verbose headers   'x-served-by': 'cache-lhr6333-LHR',
302 verbose headers   'x-cache': 'HIT',
302 verbose headers   'x-cache-hits': '26',
302 verbose headers   'x-timer': 'S1486472820.203170,VS0,VE0',
302 verbose headers   vary: 'Accept-Encoding' }
303 silly get cb [ 304,
303 silly get   { date: 'Tue, 07 Feb 2017 13:07:00 GMT',
303 silly get     via: '1.1 varnish',
303 silly get     'cache-control': 'max-age=300',
303 silly get     etag: 'W/"5881edff-2213"',
303 silly get     age: '209',
303 silly get     connection: 'keep-alive',
303 silly get     'x-served-by': 'cache-lhr6333-LHR',
303 silly get     'x-cache': 'HIT',
303 silly get     'x-cache-hits': '26',
303 silly get     'x-timer': 'S1486472820.203170,VS0,VE0',
303 silly get     vary: 'Accept-Encoding' } ]
304 verbose etag https://registry.npmjs.org/inherits from cache
305 verbose get saving inherits to /home/guimino/.npm/registry.npmjs.org/inherits/.cache.json
306 http 304 https://registry.npmjs.org/once
307 verbose headers { date: 'Tue, 07 Feb 2017 13:07:00 GMT',
307 verbose headers   via: '1.1 varnish',
307 verbose headers   'cache-control': 'max-age=300',
307 verbose headers   etag: 'W/"58817525-25c4"',
307 verbose headers   age: '14',
307 verbose headers   connection: 'keep-alive',
307 verbose headers   'x-served-by': 'cache-lhr6347-LHR',
307 verbose headers   'x-cache': 'HIT',
307 verbose headers   'x-cache-hits': '1',
307 verbose headers   'x-timer': 'S1486472820.202982,VS0,VE0',
307 verbose headers   vary: 'Accept-Encoding' }
308 silly get cb [ 304,
308 silly get   { date: 'Tue, 07 Feb 2017 13:07:00 GMT',
308 silly get     via: '1.1 varnish',
308 silly get     'cache-control': 'max-age=300',
308 silly get     etag: 'W/"58817525-25c4"',
308 silly get     age: '14',
308 silly get     connection: 'keep-alive',
308 silly get     'x-served-by': 'cache-lhr6347-LHR',
308 silly get     'x-cache': 'HIT',
308 silly get     'x-cache-hits': '1',
308 silly get     'x-timer': 'S1486472820.202982,VS0,VE0',
308 silly get     vary: 'Accept-Encoding' } ]
309 verbose etag https://registry.npmjs.org/once from cache
310 verbose get saving once to /home/guimino/.npm/registry.npmjs.org/once/.cache.json
311 http 304 https://registry.npmjs.org/minimatch
312 verbose headers { date: 'Tue, 07 Feb 2017 13:07:00 GMT',
312 verbose headers   via: '1.1 varnish',
312 verbose headers   'cache-control': 'max-age=300',
312 verbose headers   etag: 'W/"5896e92d-cbed"',
312 verbose headers   age: '208',
312 verbose headers   connection: 'keep-alive',
312 verbose headers   'x-served-by': 'cache-lhr6351-LHR',
312 verbose headers   'x-cache': 'HIT',
312 verbose headers   'x-cache-hits': '25',
312 verbose headers   'x-timer': 'S1486472820.204396,VS0,VE0',
312 verbose headers   vary: 'Accept-Encoding' }
313 silly get cb [ 304,
313 silly get   { date: 'Tue, 07 Feb 2017 13:07:00 GMT',
313 silly get     via: '1.1 varnish',
313 silly get     'cache-control': 'max-age=300',
313 silly get     etag: 'W/"5896e92d-cbed"',
313 silly get     age: '208',
313 silly get     connection: 'keep-alive',
313 silly get     'x-served-by': 'cache-lhr6351-LHR',
313 silly get     'x-cache': 'HIT',
313 silly get     'x-cache-hits': '25',
313 silly get     'x-timer': 'S1486472820.204396,VS0,VE0',
313 silly get     vary: 'Accept-Encoding' } ]
314 verbose etag https://registry.npmjs.org/minimatch from cache
315 verbose get saving minimatch to /home/guimino/.npm/registry.npmjs.org/minimatch/.cache.json
316 silly resolveWithNewModule path-is-absolute@1.0.1 checking installable status
317 silly cache add args [ 'path-is-absolute@^1.0.0', null ]
318 verbose cache add spec path-is-absolute@^1.0.0
319 silly cache add parsed spec Result {
319 silly cache add   raw: 'path-is-absolute@^1.0.0',
319 silly cache add   scope: null,
319 silly cache add   name: 'path-is-absolute',
319 silly cache add   rawSpec: '^1.0.0',
319 silly cache add   spec: '>=1.0.0 <2.0.0',
319 silly cache add   type: 'range' }
320 silly addNamed path-is-absolute@>=1.0.0 <2.0.0
321 verbose addNamed ">=1.0.0 <2.0.0" is a valid semver range for path-is-absolute
322 silly addNameRange { name: 'path-is-absolute',
322 silly addNameRange   range: '>=1.0.0 <2.0.0',
322 silly addNameRange   hasData: false }
323 silly mapToRegistry name path-is-absolute
324 silly mapToRegistry using default registry
325 silly mapToRegistry registry https://registry.npmjs.org/
326 silly mapToRegistry uri https://registry.npmjs.org/path-is-absolute
327 verbose addNameRange registry:https://registry.npmjs.org/path-is-absolute not in flight; fetching
328 silly resolveWithNewModule inflight@1.0.6 checking installable status
329 silly cache add args [ 'inflight@^1.0.4', null ]
330 verbose cache add spec inflight@^1.0.4
331 silly cache add parsed spec Result {
331 silly cache add   raw: 'inflight@^1.0.4',
331 silly cache add   scope: null,
331 silly cache add   name: 'inflight',
331 silly cache add   rawSpec: '^1.0.4',
331 silly cache add   spec: '>=1.0.4 <2.0.0',
331 silly cache add   type: 'range' }
332 silly addNamed inflight@>=1.0.4 <2.0.0
333 verbose addNamed ">=1.0.4 <2.0.0" is a valid semver range for inflight
334 silly addNameRange { name: 'inflight', range: '>=1.0.4 <2.0.0', hasData: false }
335 silly mapToRegistry name inflight
336 silly mapToRegistry using default registry
337 silly mapToRegistry registry https://registry.npmjs.org/
338 silly mapToRegistry uri https://registry.npmjs.org/inflight
339 verbose addNameRange registry:https://registry.npmjs.org/inflight not in flight; fetching
340 silly resolveWithNewModule once@1.4.0 checking installable status
341 silly cache add args [ 'once@^1.3.0', null ]
342 verbose cache add spec once@^1.3.0
343 silly cache add parsed spec Result {
343 silly cache add   raw: 'once@^1.3.0',
343 silly cache add   scope: null,
343 silly cache add   name: 'once',
343 silly cache add   rawSpec: '^1.3.0',
343 silly cache add   spec: '>=1.3.0 <2.0.0',
343 silly cache add   type: 'range' }
344 silly addNamed once@>=1.3.0 <2.0.0
345 verbose addNamed ">=1.3.0 <2.0.0" is a valid semver range for once
346 silly addNameRange { name: 'once', range: '>=1.3.0 <2.0.0', hasData: false }
347 silly mapToRegistry name once
348 silly mapToRegistry using default registry
349 silly mapToRegistry registry https://registry.npmjs.org/
350 silly mapToRegistry uri https://registry.npmjs.org/once
351 verbose addNameRange registry:https://registry.npmjs.org/once not in flight; fetching
352 verbose get https://registry.npmjs.org/inflight not expired, no request
353 silly addNameRange number 2 { name: 'inflight', range: '>=1.0.4 <2.0.0', hasData: true }
354 silly addNameRange versions [ 'inflight',
354 silly addNameRange   [ '1.0.0', '1.0.1', '1.0.2', '1.0.3', '1.0.4', '1.0.5', '1.0.6' ] ]
355 silly addNamed inflight@1.0.6
356 verbose addNamed "1.0.6" is a plain semver version for inflight
357 verbose get https://registry.npmjs.org/path-is-absolute not expired, no request
358 silly addNameRange number 2 { name: 'path-is-absolute',
358 silly addNameRange   range: '>=1.0.0 <2.0.0',
358 silly addNameRange   hasData: true }
359 silly addNameRange versions [ 'path-is-absolute', [ '1.0.0', '1.0.1' ] ]
360 silly addNamed path-is-absolute@1.0.1
361 verbose addNamed "1.0.1" is a plain semver version for path-is-absolute
362 verbose get https://registry.npmjs.org/once not expired, no request
363 silly addNameRange number 2 { name: 'once', range: '>=1.3.0 <2.0.0', hasData: true }
364 silly addNameRange versions [ 'once',
364 silly addNameRange   [ '1.1.1', '1.2.0', '1.3.0', '1.3.1', '1.3.2', '1.3.3', '1.4.0' ] ]
365 silly addNamed once@1.4.0
366 verbose addNamed "1.4.0" is a plain semver version for once
367 silly resolveWithNewModule inherits@2.0.3 checking installable status
368 silly cache add args [ 'inherits@2', null ]
369 verbose cache add spec inherits@2
370 silly cache add parsed spec Result {
370 silly cache add   raw: 'inherits@2',
370 silly cache add   scope: null,
370 silly cache add   name: 'inherits',
370 silly cache add   rawSpec: '2',
370 silly cache add   spec: '>=2.0.0 <3.0.0',
370 silly cache add   type: 'range' }
371 silly addNamed inherits@>=2.0.0 <3.0.0
372 verbose addNamed ">=2.0.0 <3.0.0" is a valid semver range for inherits
373 silly addNameRange { name: 'inherits', range: '>=2.0.0 <3.0.0', hasData: false }
374 silly mapToRegistry name inherits
375 silly mapToRegistry using default registry
376 silly mapToRegistry registry https://registry.npmjs.org/
377 silly mapToRegistry uri https://registry.npmjs.org/inherits
378 verbose addNameRange registry:https://registry.npmjs.org/inherits not in flight; fetching
379 silly resolveWithNewModule minimatch@3.0.3 checking installable status
380 silly cache add args [ 'minimatch@2 || 3', null ]
381 verbose cache add spec minimatch@2 || 3
382 silly cache add parsed spec Result {
382 silly cache add   raw: 'minimatch@2 || 3',
382 silly cache add   scope: null,
382 silly cache add   name: 'minimatch',
382 silly cache add   rawSpec: '2 || 3',
382 silly cache add   spec: '>=2.0.0 <3.0.0||>=3.0.0 <4.0.0',
382 silly cache add   type: 'range' }
383 silly addNamed minimatch@>=2.0.0 <3.0.0||>=3.0.0 <4.0.0
384 verbose addNamed ">=2.0.0 <3.0.0||>=3.0.0 <4.0.0" is a valid semver range for minimatch
385 silly addNameRange { name: 'minimatch',
385 silly addNameRange   range: '>=2.0.0 <3.0.0||>=3.0.0 <4.0.0',
385 silly addNameRange   hasData: false }
386 silly mapToRegistry name minimatch
387 silly mapToRegistry using default registry
388 silly mapToRegistry registry https://registry.npmjs.org/
389 silly mapToRegistry uri https://registry.npmjs.org/minimatch
390 verbose addNameRange registry:https://registry.npmjs.org/minimatch not in flight; fetching
391 silly cache afterAdd path-is-absolute@1.0.1
392 verbose afterAdd /home/guimino/.npm/path-is-absolute/1.0.1/package/package.json not in flight; writing
393 silly cache afterAdd inflight@1.0.6
394 verbose afterAdd /home/guimino/.npm/inflight/1.0.6/package/package.json not in flight; writing
395 verbose get https://registry.npmjs.org/inherits not expired, no request
396 silly addNameRange number 2 { name: 'inherits', range: '>=2.0.0 <3.0.0', hasData: true }
397 silly addNameRange versions [ 'inherits',
397 silly addNameRange   [ '1.0.0', '2.0.0', '2.0.1', '1.0.1', '1.0.2', '2.0.3' ] ]
398 silly addNamed inherits@2.0.3
399 verbose addNamed "2.0.3" is a plain semver version for inherits
400 verbose get https://registry.npmjs.org/minimatch not expired, no request
401 silly addNameRange number 2 { name: 'minimatch',
401 silly addNameRange   range: '>=2.0.0 <3.0.0||>=3.0.0 <4.0.0',
401 silly addNameRange   hasData: true }
402 silly addNameRange versions [ 'minimatch',
402 silly addNameRange   [ '0.0.1',
402 silly addNameRange     '0.0.2',
402 silly addNameRange     '0.0.4',
402 silly addNameRange     '0.0.5',
402 silly addNameRange     '0.1.1',
402 silly addNameRange     '0.1.2',
402 silly addNameRange     '0.1.3',
402 silly addNameRange     '0.1.4',
402 silly addNameRange     '0.1.5',
402 silly addNameRange     '0.2.0',
402 silly addNameRange     '0.2.2',
402 silly addNameRange     '0.2.3',
402 silly addNameRange     '0.2.4',
402 silly addNameRange     '0.2.5',
402 silly addNameRange     '0.2.6',
402 silly addNameRange     '0.2.7',
402 silly addNameRange     '0.2.8',
402 silly addNameRange     '0.2.9',
402 silly addNameRange     '0.2.10',
402 silly addNameRange     '0.2.11',
402 silly addNameRange     '0.2.12',
402 silly addNameRange     '0.2.13',
402 silly addNameRange     '0.2.14',
402 silly addNameRange     '0.3.0',
402 silly addNameRange     '0.4.0',
402 silly addNameRange     '1.0.0',
402 silly addNameRange     '2.0.0',
402 silly addNameRange     '2.0.1',
402 silly addNameRange     '2.0.2',
402 silly addNameRange     '2.0.3',
402 silly addNameRange     '2.0.4',
402 silly addNameRange     '2.0.5',
402 silly addNameRange     '2.0.6',
402 silly addNameRange     '2.0.7',
402 silly addNameRange     '2.0.8',
402 silly addNameRange     '2.0.9',
402 silly addNameRange     '2.0.10',
402 silly addNameRange     '3.0.0',
402 silly addNameRange     '3.0.2',
402 silly addNameRange     '3.0.3' ] ]
403 silly addNamed minimatch@3.0.3
404 verbose addNamed "3.0.3" is a plain semver version for minimatch
405 silly cache afterAdd once@1.4.0
406 verbose afterAdd /home/guimino/.npm/once/1.4.0/package/package.json not in flight; writing
407 verbose afterAdd /home/guimino/.npm/inflight/1.0.6/package/package.json written
408 verbose afterAdd /home/guimino/.npm/path-is-absolute/1.0.1/package/package.json written
409 verbose afterAdd /home/guimino/.npm/once/1.4.0/package/package.json written
410 silly cache afterAdd inherits@2.0.3
411 verbose afterAdd /home/guimino/.npm/inherits/2.0.3/package/package.json not in flight; writing
412 silly cache afterAdd minimatch@3.0.3
413 verbose afterAdd /home/guimino/.npm/minimatch/3.0.3/package/package.json not in flight; writing
414 verbose afterAdd /home/guimino/.npm/inherits/2.0.3/package/package.json written
415 verbose afterAdd /home/guimino/.npm/minimatch/3.0.3/package/package.json written
416 silly fetchNamedPackageData wrappy
417 silly mapToRegistry name wrappy
418 silly mapToRegistry using default registry
419 silly mapToRegistry registry https://registry.npmjs.org/
420 silly mapToRegistry uri https://registry.npmjs.org/wrappy
421 verbose request uri https://registry.npmjs.org/wrappy
422 verbose request no auth needed
423 info attempt registry request try #1 at 3:07:00 PM
424 verbose etag W/"5818e387-11a5"
425 verbose lastModified Tue, 01 Nov 2016 18:48:39 GMT
426 http request GET https://registry.npmjs.org/wrappy
427 http 304 https://registry.npmjs.org/wrappy
428 verbose headers { date: 'Tue, 07 Feb 2017 13:07:01 GMT',
428 verbose headers   via: '1.1 varnish',
428 verbose headers   'cache-control': 'max-age=300',
428 verbose headers   etag: 'W/"5818e387-11a5"',
428 verbose headers   age: '76',
428 verbose headers   connection: 'keep-alive',
428 verbose headers   'x-served-by': 'cache-lhr6348-LHR',
428 verbose headers   'x-cache': 'HIT',
428 verbose headers   'x-cache-hits': '8',
428 verbose headers   'x-timer': 'S1486472821.219730,VS0,VE0',
428 verbose headers   vary: 'Accept-Encoding' }
429 silly get cb [ 304,
429 silly get   { date: 'Tue, 07 Feb 2017 13:07:01 GMT',
429 silly get     via: '1.1 varnish',
429 silly get     'cache-control': 'max-age=300',
429 silly get     etag: 'W/"5818e387-11a5"',
429 silly get     age: '76',
429 silly get     connection: 'keep-alive',
429 silly get     'x-served-by': 'cache-lhr6348-LHR',
429 silly get     'x-cache': 'HIT',
429 silly get     'x-cache-hits': '8',
429 silly get     'x-timer': 'S1486472821.219730,VS0,VE0',
429 silly get     vary: 'Accept-Encoding' } ]
430 verbose etag https://registry.npmjs.org/wrappy from cache
431 verbose get saving wrappy to /home/guimino/.npm/registry.npmjs.org/wrappy/.cache.json
432 silly resolveWithNewModule wrappy@1.0.2 checking installable status
433 silly cache add args [ 'wrappy@1', null ]
434 verbose cache add spec wrappy@1
435 silly cache add parsed spec Result {
435 silly cache add   raw: 'wrappy@1',
435 silly cache add   scope: null,
435 silly cache add   name: 'wrappy',
435 silly cache add   rawSpec: '1',
435 silly cache add   spec: '>=1.0.0 <2.0.0',
435 silly cache add   type: 'range' }
436 silly addNamed wrappy@>=1.0.0 <2.0.0
437 verbose addNamed ">=1.0.0 <2.0.0" is a valid semver range for wrappy
438 silly addNameRange { name: 'wrappy', range: '>=1.0.0 <2.0.0', hasData: false }
439 silly mapToRegistry name wrappy
440 silly mapToRegistry using default registry
441 silly mapToRegistry registry https://registry.npmjs.org/
442 silly mapToRegistry uri https://registry.npmjs.org/wrappy
443 verbose addNameRange registry:https://registry.npmjs.org/wrappy not in flight; fetching
444 verbose get https://registry.npmjs.org/wrappy not expired, no request
445 silly addNameRange number 2 { name: 'wrappy', range: '>=1.0.0 <2.0.0', hasData: true }
446 silly addNameRange versions [ 'wrappy', [ '1.0.0', '1.0.1', '1.0.2' ] ]
447 silly addNamed wrappy@1.0.2
448 verbose addNamed "1.0.2" is a plain semver version for wrappy
449 silly cache afterAdd wrappy@1.0.2
450 verbose afterAdd /home/guimino/.npm/wrappy/1.0.2/package/package.json not in flight; writing
451 verbose afterAdd /home/guimino/.npm/wrappy/1.0.2/package/package.json written
452 silly fetchNamedPackageData brace-expansion
453 silly mapToRegistry name brace-expansion
454 silly mapToRegistry using default registry
455 silly mapToRegistry registry https://registry.npmjs.org/
456 silly mapToRegistry uri https://registry.npmjs.org/brace-expansion
457 verbose request uri https://registry.npmjs.org/brace-expansion
458 verbose request no auth needed
459 info attempt registry request try #1 at 3:07:01 PM
460 verbose etag W/"5896ea6c-4bca"
461 verbose lastModified Sun, 05 Feb 2017 09:03:40 GMT
462 http request GET https://registry.npmjs.org/brace-expansion
463 http 304 https://registry.npmjs.org/brace-expansion
464 verbose headers { date: 'Tue, 07 Feb 2017 13:07:02 GMT',
464 verbose headers   via: '1.1 varnish',
464 verbose headers   'cache-control': 'max-age=300',
464 verbose headers   etag: 'W/"5896ea6c-4bca"',
464 verbose headers   age: '65',
464 verbose headers   connection: 'keep-alive',
464 verbose headers   'x-served-by': 'cache-lhr6322-LHR',
464 verbose headers   'x-cache': 'HIT',
464 verbose headers   'x-cache-hits': '6',
464 verbose headers   'x-timer': 'S1486472822.040479,VS0,VE0',
464 verbose headers   vary: 'Accept-Encoding' }
465 silly get cb [ 304,
465 silly get   { date: 'Tue, 07 Feb 2017 13:07:02 GMT',
465 silly get     via: '1.1 varnish',
465 silly get     'cache-control': 'max-age=300',
465 silly get     etag: 'W/"5896ea6c-4bca"',
465 silly get     age: '65',
465 silly get     connection: 'keep-alive',
465 silly get     'x-served-by': 'cache-lhr6322-LHR',
465 silly get     'x-cache': 'HIT',
465 silly get     'x-cache-hits': '6',
465 silly get     'x-timer': 'S1486472822.040479,VS0,VE0',
465 silly get     vary: 'Accept-Encoding' } ]
466 verbose etag https://registry.npmjs.org/brace-expansion from cache
467 verbose get saving brace-expansion to /home/guimino/.npm/registry.npmjs.org/brace-expansion/.cache.json
468 silly resolveWithNewModule brace-expansion@1.1.6 checking installable status
469 silly cache add args [ 'brace-expansion@^1.0.0', null ]
470 verbose cache add spec brace-expansion@^1.0.0
471 silly cache add parsed spec Result {
471 silly cache add   raw: 'brace-expansion@^1.0.0',
471 silly cache add   scope: null,
471 silly cache add   name: 'brace-expansion',
471 silly cache add   rawSpec: '^1.0.0',
471 silly cache add   spec: '>=1.0.0 <2.0.0',
471 silly cache add   type: 'range' }
472 silly addNamed brace-expansion@>=1.0.0 <2.0.0
473 verbose addNamed ">=1.0.0 <2.0.0" is a valid semver range for brace-expansion
474 silly addNameRange { name: 'brace-expansion',
474 silly addNameRange   range: '>=1.0.0 <2.0.0',
474 silly addNameRange   hasData: false }
475 silly mapToRegistry name brace-expansion
476 silly mapToRegistry using default registry
477 silly mapToRegistry registry https://registry.npmjs.org/
478 silly mapToRegistry uri https://registry.npmjs.org/brace-expansion
479 verbose addNameRange registry:https://registry.npmjs.org/brace-expansion not in flight; fetching
480 verbose get https://registry.npmjs.org/brace-expansion not expired, no request
481 silly addNameRange number 2 { name: 'brace-expansion',
481 silly addNameRange   range: '>=1.0.0 <2.0.0',
481 silly addNameRange   hasData: true }
482 silly addNameRange versions [ 'brace-expansion',
482 silly addNameRange   [ '0.0.0',
482 silly addNameRange     '1.0.0',
482 silly addNameRange     '1.0.1',
482 silly addNameRange     '1.1.0',
482 silly addNameRange     '1.1.1',
482 silly addNameRange     '1.1.2',
482 silly addNameRange     '1.1.3',
482 silly addNameRange     '1.1.4',
482 silly addNameRange     '1.1.5',
482 silly addNameRange     '1.1.6' ] ]
483 silly addNamed brace-expansion@1.1.6
484 verbose addNamed "1.1.6" is a plain semver version for brace-expansion
485 silly cache afterAdd brace-expansion@1.1.6
486 verbose afterAdd /home/guimino/.npm/brace-expansion/1.1.6/package/package.json not in flight; writing
487 verbose afterAdd /home/guimino/.npm/brace-expansion/1.1.6/package/package.json written
488 silly fetchNamedPackageData balanced-match
489 silly mapToRegistry name balanced-match
490 silly mapToRegistry using default registry
491 silly mapToRegistry registry https://registry.npmjs.org/
492 silly mapToRegistry uri https://registry.npmjs.org/balanced-match
493 silly fetchNamedPackageData concat-map
494 silly mapToRegistry name concat-map
495 silly mapToRegistry using default registry
496 silly mapToRegistry registry https://registry.npmjs.org/
497 silly mapToRegistry uri https://registry.npmjs.org/concat-map
498 verbose request uri https://registry.npmjs.org/balanced-match
499 verbose request no auth needed
500 info attempt registry request try #1 at 3:07:02 PM
501 verbose etag W/"58717f67-4136"
502 verbose lastModified Sat, 07 Jan 2017 23:53:11 GMT
503 http request GET https://registry.npmjs.org/balanced-match
504 verbose request uri https://registry.npmjs.org/concat-map
505 verbose request no auth needed
506 info attempt registry request try #1 at 3:07:02 PM
507 verbose etag W/"52e9c1bb-f3a"
508 verbose lastModified Thu, 30 Jan 2014 03:06:35 GMT
509 http request GET https://registry.npmjs.org/concat-map
510 http 304 https://registry.npmjs.org/balanced-match
511 verbose headers { date: 'Tue, 07 Feb 2017 13:07:03 GMT',
511 verbose headers   via: '1.1 varnish',
511 verbose headers   'cache-control': 'max-age=300',
511 verbose headers   etag: 'W/"58717f67-4136"',
511 verbose headers   age: '160',
511 verbose headers   connection: 'keep-alive',
511 verbose headers   'x-served-by': 'cache-lhr6325-LHR',
511 verbose headers   'x-cache': 'HIT',
511 verbose headers   'x-cache-hits': '10',
511 verbose headers   'x-timer': 'S1486472823.059818,VS0,VE0',
511 verbose headers   vary: 'Accept-Encoding' }
512 silly get cb [ 304,
512 silly get   { date: 'Tue, 07 Feb 2017 13:07:03 GMT',
512 silly get     via: '1.1 varnish',
512 silly get     'cache-control': 'max-age=300',
512 silly get     etag: 'W/"58717f67-4136"',
512 silly get     age: '160',
512 silly get     connection: 'keep-alive',
512 silly get     'x-served-by': 'cache-lhr6325-LHR',
512 silly get     'x-cache': 'HIT',
512 silly get     'x-cache-hits': '10',
512 silly get     'x-timer': 'S1486472823.059818,VS0,VE0',
512 silly get     vary: 'Accept-Encoding' } ]
513 verbose etag https://registry.npmjs.org/balanced-match from cache
514 verbose get saving balanced-match to /home/guimino/.npm/registry.npmjs.org/balanced-match/.cache.json
515 http 304 https://registry.npmjs.org/concat-map
516 verbose headers { date: 'Tue, 07 Feb 2017 13:07:03 GMT',
516 verbose headers   via: '1.1 varnish',
516 verbose headers   'cache-control': 'max-age=300',
516 verbose headers   etag: 'W/"52e9c1bb-f3a"',
516 verbose headers   age: '25',
516 verbose headers   connection: 'keep-alive',
516 verbose headers   'x-served-by': 'cache-lhr6321-LHR',
516 verbose headers   'x-cache': 'HIT',
516 verbose headers   'x-cache-hits': '2',
516 verbose headers   'x-timer': 'S1486472823.060062,VS0,VE0',
516 verbose headers   vary: 'Accept-Encoding' }
517 silly get cb [ 304,
517 silly get   { date: 'Tue, 07 Feb 2017 13:07:03 GMT',
517 silly get     via: '1.1 varnish',
517 silly get     'cache-control': 'max-age=300',
517 silly get     etag: 'W/"52e9c1bb-f3a"',
517 silly get     age: '25',
517 silly get     connection: 'keep-alive',
517 silly get     'x-served-by': 'cache-lhr6321-LHR',
517 silly get     'x-cache': 'HIT',
517 silly get     'x-cache-hits': '2',
517 silly get     'x-timer': 'S1486472823.060062,VS0,VE0',
517 silly get     vary: 'Accept-Encoding' } ]
518 verbose etag https://registry.npmjs.org/concat-map from cache
519 verbose get saving concat-map to /home/guimino/.npm/registry.npmjs.org/concat-map/.cache.json
520 silly resolveWithNewModule balanced-match@0.4.2 checking installable status
521 silly cache add args [ 'balanced-match@^0.4.1', null ]
522 verbose cache add spec balanced-match@^0.4.1
523 silly cache add parsed spec Result {
523 silly cache add   raw: 'balanced-match@^0.4.1',
523 silly cache add   scope: null,
523 silly cache add   name: 'balanced-match',
523 silly cache add   rawSpec: '^0.4.1',
523 silly cache add   spec: '>=0.4.1 <0.5.0',
523 silly cache add   type: 'range' }
524 silly addNamed balanced-match@>=0.4.1 <0.5.0
525 verbose addNamed ">=0.4.1 <0.5.0" is a valid semver range for balanced-match
526 silly addNameRange { name: 'balanced-match',
526 silly addNameRange   range: '>=0.4.1 <0.5.0',
526 silly addNameRange   hasData: false }
527 silly mapToRegistry name balanced-match
528 silly mapToRegistry using default registry
529 silly mapToRegistry registry https://registry.npmjs.org/
530 silly mapToRegistry uri https://registry.npmjs.org/balanced-match
531 verbose addNameRange registry:https://registry.npmjs.org/balanced-match not in flight; fetching
532 silly resolveWithNewModule concat-map@0.0.1 checking installable status
533 silly cache add args [ 'concat-map@0.0.1', null ]
534 verbose cache add spec concat-map@0.0.1
535 silly cache add parsed spec Result {
535 silly cache add   raw: 'concat-map@0.0.1',
535 silly cache add   scope: null,
535 silly cache add   name: 'concat-map',
535 silly cache add   rawSpec: '0.0.1',
535 silly cache add   spec: '0.0.1',
535 silly cache add   type: 'version' }
536 silly addNamed concat-map@0.0.1
537 verbose addNamed "0.0.1" is a plain semver version for concat-map
538 silly mapToRegistry name concat-map
539 silly mapToRegistry using default registry
540 silly mapToRegistry registry https://registry.npmjs.org/
541 silly mapToRegistry uri https://registry.npmjs.org/concat-map
542 verbose addNameVersion registry:https://registry.npmjs.org/concat-map not in flight; fetching
543 verbose get https://registry.npmjs.org/balanced-match not expired, no request
544 silly addNameRange number 2 { name: 'balanced-match',
544 silly addNameRange   range: '>=0.4.1 <0.5.0',
544 silly addNameRange   hasData: true }
545 silly addNameRange versions [ 'balanced-match',
545 silly addNameRange   [ '0.0.0',
545 silly addNameRange     '0.0.1',
545 silly addNameRange     '0.1.0',
545 silly addNameRange     '0.2.0',
545 silly addNameRange     '0.2.1',
545 silly addNameRange     '0.3.0',
545 silly addNameRange     '0.4.0',
545 silly addNameRange     '0.4.1',
545 silly addNameRange     '0.4.2' ] ]
546 silly addNamed balanced-match@0.4.2
547 verbose addNamed "0.4.2" is a plain semver version for balanced-match
548 verbose get https://registry.npmjs.org/concat-map not expired, no request
549 silly cache afterAdd balanced-match@0.4.2
550 verbose afterAdd /home/guimino/.npm/balanced-match/0.4.2/package/package.json not in flight; writing
551 silly cache afterAdd concat-map@0.0.1
552 verbose afterAdd /home/guimino/.npm/concat-map/0.0.1/package/package.json not in flight; writing
553 verbose afterAdd /home/guimino/.npm/balanced-match/0.4.2/package/package.json written
554 verbose afterAdd /home/guimino/.npm/concat-map/0.0.1/package/package.json written
555 silly fetchNamedPackageData abbrev
556 silly mapToRegistry name abbrev
557 silly mapToRegistry using default registry
558 silly mapToRegistry registry https://registry.npmjs.org/
559 silly mapToRegistry uri https://registry.npmjs.org/abbrev
560 verbose request uri https://registry.npmjs.org/abbrev
561 verbose request no auth needed
562 info attempt registry request try #1 at 3:07:03 PM
563 verbose etag W/"580d2ad6-19a5"
564 verbose lastModified Sun, 23 Oct 2016 21:25:42 GMT
565 http request GET https://registry.npmjs.org/abbrev
566 http 304 https://registry.npmjs.org/abbrev
567 verbose headers { date: 'Tue, 07 Feb 2017 13:07:04 GMT',
567 verbose headers   via: '1.1 varnish',
567 verbose headers   'cache-control': 'max-age=300',
567 verbose headers   etag: 'W/"580d2ad6-19a5"',
567 verbose headers   age: '204',
567 verbose headers   connection: 'keep-alive',
567 verbose headers   'x-served-by': 'cache-lhr6326-LHR',
567 verbose headers   'x-cache': 'HIT',
567 verbose headers   'x-cache-hits': '10',
567 verbose headers   'x-timer': 'S1486472824.156552,VS0,VE0',
567 verbose headers   vary: 'Accept-Encoding' }
568 silly get cb [ 304,
568 silly get   { date: 'Tue, 07 Feb 2017 13:07:04 GMT',
568 silly get     via: '1.1 varnish',
568 silly get     'cache-control': 'max-age=300',
568 silly get     etag: 'W/"580d2ad6-19a5"',
568 silly get     age: '204',
568 silly get     connection: 'keep-alive',
568 silly get     'x-served-by': 'cache-lhr6326-LHR',
568 silly get     'x-cache': 'HIT',
568 silly get     'x-cache-hits': '10',
568 silly get     'x-timer': 'S1486472824.156552,VS0,VE0',
568 silly get     vary: 'Accept-Encoding' } ]
569 verbose etag https://registry.npmjs.org/abbrev from cache
570 verbose get saving abbrev to /home/guimino/.npm/registry.npmjs.org/abbrev/.cache.json
571 silly resolveWithNewModule abbrev@1.0.9 checking installable status
572 silly cache add args [ 'abbrev@1', null ]
573 verbose cache add spec abbrev@1
574 silly cache add parsed spec Result {
574 silly cache add   raw: 'abbrev@1',
574 silly cache add   scope: null,
574 silly cache add   name: 'abbrev',
574 silly cache add   rawSpec: '1',
574 silly cache add   spec: '>=1.0.0 <2.0.0',
574 silly cache add   type: 'range' }
575 silly addNamed abbrev@>=1.0.0 <2.0.0
576 verbose addNamed ">=1.0.0 <2.0.0" is a valid semver range for abbrev
577 silly addNameRange { name: 'abbrev', range: '>=1.0.0 <2.0.0', hasData: false }
578 silly mapToRegistry name abbrev
579 silly mapToRegistry using default registry
580 silly mapToRegistry registry https://registry.npmjs.org/
581 silly mapToRegistry uri https://registry.npmjs.org/abbrev
582 verbose addNameRange registry:https://registry.npmjs.org/abbrev not in flight; fetching
583 verbose get https://registry.npmjs.org/abbrev not expired, no request
584 silly addNameRange number 2 { name: 'abbrev', range: '>=1.0.0 <2.0.0', hasData: true }
585 silly addNameRange versions [ 'abbrev',
585 silly addNameRange   [ '1.0.3', '1.0.4', '1.0.5', '1.0.6', '1.0.7', '1.0.9' ] ]
586 silly addNamed abbrev@1.0.9
587 verbose addNamed "1.0.9" is a plain semver version for abbrev
588 silly cache afterAdd abbrev@1.0.9
589 verbose afterAdd /home/guimino/.npm/abbrev/1.0.9/package/package.json not in flight; writing
590 verbose afterAdd /home/guimino/.npm/abbrev/1.0.9/package/package.json written
591 silly loadAllDepsIntoIdealTree Finishing
592 silly idealTree:prePrune lib
592 silly idealTree:prePrune  grunt-cli@1.2.0
592 silly idealTree:prePrune    abbrev@1.0.9
592 silly idealTree:prePrune    balanced-match@0.4.2
592 silly idealTree:prePrune    brace-expansion@1.1.6
592 silly idealTree:prePrune    concat-map@0.0.1
592 silly idealTree:prePrune    findup-sync@0.3.0
592 silly idealTree:prePrune    glob@5.0.15
592 silly idealTree:prePrune    grunt-known-options@1.1.0
592 silly idealTree:prePrune    inflight@1.0.6
592 silly idealTree:prePrune    inherits@2.0.3
592 silly idealTree:prePrune    minimatch@3.0.3
592 silly idealTree:prePrune    nopt@3.0.6
592 silly idealTree:prePrune    once@1.4.0
592 silly idealTree:prePrune    path-is-absolute@1.0.1
592 silly idealTree:prePrune    resolve@1.1.7
592 silly idealTree:prePrune    wrappy@1.0.2
593 silly loadIdealTree Finishing
594 silly currentTree lib
595 silly idealTree lib
595 silly idealTree  grunt-cli@1.2.0
595 silly idealTree    abbrev@1.0.9
595 silly idealTree    balanced-match@0.4.2
595 silly idealTree    brace-expansion@1.1.6
595 silly idealTree    concat-map@0.0.1
595 silly idealTree    findup-sync@0.3.0
595 silly idealTree    glob@5.0.15
595 silly idealTree    grunt-known-options@1.1.0
595 silly idealTree    inflight@1.0.6
595 silly idealTree    inherits@2.0.3
595 silly idealTree    minimatch@3.0.3
595 silly idealTree    nopt@3.0.6
595 silly idealTree    once@1.4.0
595 silly idealTree    path-is-absolute@1.0.1
595 silly idealTree    resolve@1.1.7
595 silly idealTree    wrappy@1.0.2
596 silly generateActionsToTake Starting
597 silly install generateActionsToTake
598 warn checkPermissions Missing write access to /usr/local/lib/node_modules
599 silly rollbackFailedOptional Starting
600 silly rollbackFailedOptional Finishing
601 silly runTopLevelLifecycles Starting
602 silly runTopLevelLifecycles Finishing
603 silly install printInstalled
604 verbose stack Error: EACCES: permission denied, access '/usr/local/lib/node_modules'
604 verbose stack     at Error (native)
605 verbose cwd /home/guimino/workspace/openmrs-module-pharmacyapi
606 error Linux 4.4.0-62-generic
607 error argv "/usr/bin/nodejs" "/usr/bin/npm" "install" "-g" "grunt-cli"
608 error node v4.2.6
609 error npm  v3.5.2
610 error path /usr/local/lib/node_modules
611 error code EACCES
612 error errno -13
613 error syscall access
614 error Error: EACCES: permission denied, access '/usr/local/lib/node_modules'
614 error     at Error (native)
614 error  { [Error: EACCES: permission denied, access '/usr/local/lib/node_modules']
614 error   errno: -13,
614 error   code: 'EACCES',
614 error   syscall: 'access',
614 error   path: '/usr/local/lib/node_modules' }
615 error Please try running this command again as root/Administrator.
616 verbose exit [ -13, true ]
